0 info it worked if it ends with ok
1 verbose cli [ 'C:\\Program Files (x86)\\nodejs\\\\node.exe',
1 verbose cli   'C:\\Program Files (x86)\\nodejs\\node_modules\\npm\\bin\\npm-cli.js',
1 verbose cli   'install',
1 verbose cli   'Hapi' ]
2 info using npm@1.4.28
3 info using node@v0.10.36
4 verbose node symlink C:\Program Files (x86)\nodejs\\node.exe
5 verbose cache add [ 'Hapi', null ]
6 verbose cache add name=undefined spec="Hapi" args=["Hapi",null]
7 verbose parsed url { protocol: null,
7 verbose parsed url   slashes: null,
7 verbose parsed url   auth: null,
7 verbose parsed url   host: null,
7 verbose parsed url   port: null,
7 verbose parsed url   hostname: null,
7 verbose parsed url   hash: null,
7 verbose parsed url   search: null,
7 verbose parsed url   query: null,
7 verbose parsed url   pathname: 'Hapi',
7 verbose parsed url   path: 'Hapi',
7 verbose parsed url   href: 'Hapi' }
8 silly lockFile 35a0f4fd-Hapi Hapi
9 verbose lock Hapi C:\Users\dheerajv\AppData\Roaming\npm-cache\35a0f4fd-Hapi.lock
10 silly lockFile 35a0f4fd-Hapi Hapi
11 silly lockFile 35a0f4fd-Hapi Hapi
12 verbose addNamed [ 'Hapi', '' ]
13 verbose addNamed [ null, '*' ]
14 silly lockFile 78b98fb2-Hapi Hapi@
15 verbose lock Hapi@ C:\Users\dheerajv\AppData\Roaming\npm-cache\78b98fb2-Hapi.lock
16 silly addNameRange { name: 'Hapi', range: '*', hasData: false }
17 verbose request where is /Hapi
18 verbose request registry https://registry.npmjs.org/
19 verbose request id cba58e9bd2324f36
20 verbose url raw /Hapi
21 verbose url resolving [ 'https://registry.npmjs.org/', './Hapi' ]
22 verbose url resolved https://registry.npmjs.org/Hapi
23 verbose request where is https://registry.npmjs.org/Hapi
24 info trying registry request attempt 1 at 16:51:27
25 http GET https://registry.npmjs.org/Hapi
26 http 404 https://registry.npmjs.org/Hapi
27 silly registry.get cb [ 404,
27 silly registry.get   { 'content-type': 'application/json',
27 silly registry.get     'cache-control': 'max-age=0',
27 silly registry.get     'content-length': '2',
27 silly registry.get     'accept-ranges': 'bytes',
27 silly registry.get     date: 'Thu, 03 Mar 2016 11:21:29 GMT',
27 silly registry.get     via: '1.1 varnish',
27 silly registry.get     age: '0',
27 silly registry.get     connection: 'keep-alive',
27 silly registry.get     'x-served-by': 'cache-sin6923-SIN',
27 silly registry.get     'x-cache': 'MISS',
27 silly registry.get     'x-cache-hits': '0',
27 silly registry.get     'x-timer': 'S1457004088.249847,VS0,VE842' } ]
28 silly lockFile 78b98fb2-Hapi Hapi@
29 silly lockFile 78b98fb2-Hapi Hapi@
30 error 404 Not Found
30 error 404
30 error 404 'Hapi' is not in the npm registry.
30 error 404 You should bug the author to publish it
30 error 404
30 error 404 Note that you can also install from a
30 error 404 tarball, folder, or http url, or git url.
31 error System Windows_NT 6.2.9200
32 error command "C:\\Program Files (x86)\\nodejs\\\\node.exe" "C:\\Program Files (x86)\\nodejs\\node_modules\\npm\\bin\\npm-cli.js" "install" "Hapi"
33 error cwd D:\Nodejs
34 error node -v v0.10.36
35 error npm -v 1.4.28
36 error code E404
37 verbose exit [ 1, true ]
