0 info it worked if it ends with ok
1 verbose cli [ 'C:\\Program Files (x86)\\nodejs\\\\node.exe',
1 verbose cli   'C:\\Program Files (x86)\\nodejs\\node_modules\\npm\\bin\\npm-cli.js',
1 verbose cli   'install',
1 verbose cli   'bodyparser' ]
2 info using npm@1.4.28
3 info using node@v0.10.36
4 verbose node symlink C:\Program Files (x86)\nodejs\\node.exe
5 verbose readDependencies using package.json deps
6 verbose cache add [ 'bodyparser', null ]
7 verbose cache add name=undefined spec="bodyparser" args=["bodyparser",null]
8 verbose parsed url { protocol: null,
8 verbose parsed url   slashes: null,
8 verbose parsed url   auth: null,
8 verbose parsed url   host: null,
8 verbose parsed url   port: null,
8 verbose parsed url   hostname: null,
8 verbose parsed url   hash: null,
8 verbose parsed url   search: null,
8 verbose parsed url   query: null,
8 verbose parsed url   pathname: 'bodyparser',
8 verbose parsed url   path: 'bodyparser',
8 verbose parsed url   href: 'bodyparser' }
9 silly lockFile 981361c8-bodyparser bodyparser
10 verbose lock bodyparser C:\Users\dheerajv\AppData\Roaming\npm-cache\981361c8-bodyparser.lock
11 silly lockFile 981361c8-bodyparser bodyparser
12 silly lockFile 981361c8-bodyparser bodyparser
13 verbose addNamed [ 'bodyparser', '' ]
14 verbose addNamed [ null, '*' ]
15 silly lockFile 6c35f799-bodyparser bodyparser@
16 verbose lock bodyparser@ C:\Users\dheerajv\AppData\Roaming\npm-cache\6c35f799-bodyparser.lock
17 silly addNameRange { name: 'bodyparser', range: '*', hasData: false }
18 verbose request where is /bodyparser
19 verbose request registry https://registry.npmjs.org/
20 verbose request id a9527c43eb7dd7e2
21 verbose url raw /bodyparser
22 verbose url resolving [ 'https://registry.npmjs.org/', './bodyparser' ]
23 verbose url resolved https://registry.npmjs.org/bodyparser
24 verbose request where is https://registry.npmjs.org/bodyparser
25 info trying registry request attempt 1 at 18:17:11
26 http GET https://registry.npmjs.org/bodyparser
27 http 404 https://registry.npmjs.org/bodyparser
28 silly registry.get cb [ 404,
28 silly registry.get   { 'content-type': 'application/json',
28 silly registry.get     'cache-control': 'max-age=0',
28 silly registry.get     'content-length': '2',
28 silly registry.get     'accept-ranges': 'bytes',
28 silly registry.get     date: 'Tue, 01 Mar 2016 12:47:12 GMT',
28 silly registry.get     via: '1.1 varnish',
28 silly registry.get     age: '0',
28 silly registry.get     connection: 'keep-alive',
28 silly registry.get     'x-served-by': 'cache-sin6921-SIN',
28 silly registry.get     'x-cache': 'MISS',
28 silly registry.get     'x-cache-hits': '0',
28 silly registry.get     'x-timer': 'S1456836432.096253,VS0,VE210' } ]
29 silly lockFile 6c35f799-bodyparser bodyparser@
30 silly lockFile 6c35f799-bodyparser bodyparser@
31 error 404 Not Found
31 error 404
31 error 404 'bodyparser' is not in the npm registry.
31 error 404 You should bug the author to publish it
31 error 404 It was specified as a dependency of 'Nodejson'
31 error 404
31 error 404 Note that you can also install from a
31 error 404 tarball, folder, or http url, or git url.
32 error System Windows_NT 6.2.9200
33 error command "C:\\Program Files (x86)\\nodejs\\\\node.exe" "C:\\Program Files (x86)\\nodejs\\node_modules\\npm\\bin\\npm-cli.js" "install" "bodyparser"
34 error cwd D:\Nodejs\Nodejson
35 error node -v v0.10.36
36 error npm -v 1.4.28
37 error code E404
38 verbose exit [ 1, true ]
